Arguments: 
  /usr/local/bin/node /usr/local/Cellar/yarn/1.15.2/libexec/bin/yarn.js install

PATH: 
  /usr/local/bin:/usr/bin:/bin:/usr/sbin:/sbin:/opt/X11/bin:/Users/jaibarlow/Projects/algolia-skeleton/node_modules/.bin

Yarn version: 
  1.15.2

Node version: 
  12.18.3

Platform: 
  darwin x64

Trace: 
  SyntaxError: /Users/jaibarlow/Projects/algolia-skeleton/package.json: Unexpected token } in JSON at position 1137
      at JSON.parse (<anonymous>)
      at /usr/local/Cellar/yarn/1.15.2/libexec/lib/cli.js:1625:59
      at Generator.next (<anonymous>)
      at step (/usr/local/Cellar/yarn/1.15.2/libexec/lib/cli.js:304:30)
      at /usr/local/Cellar/yarn/1.15.2/libexec/lib/cli.js:315:13

npm manifest: 
  {
    "name": "algolia-skeleton",
    "version": "1.0.0",
    "description": "skeleton that holds all algolia search components",
    "main": "src/main.js",
    "repository": "https://github.com/Janksturgh/algolia-skeleton.git",
    "author": "Jai Barlow <jai.barlow@education.govt.nz>",
    "license": "MIT",
    "private": true,
    "scripts": {
      "watch": "NODE_ENV='development' webpack --mode=development --watch",
      "build": "NODE_ENV='production' webpack --mode=production",
      "start": "webpack serve --open"
    },
    "devDependencies": {
      "@babel/core": "^7.9.0",
      "@babel/preset-env": "^7.9.0",
      "@vue/compiler-sfc": "^3.0.5",
      "babel-loader": "^8.1.0",
      "copy-webpack-plugin": "^6.0.3",
      "css-loader": "^3.4.2",
      "mini-css-extract-plugin": "^1.3.8",
      "node-sass": "^5.0.0",
      "postcss-loader": "^3.0.0",
      "postcss-preset-env": "^6.7.0",
      "sass-loader": "^11.0.1",
      "source-map": "^0.7.3",
      "vue-loader": "^16.1.2",
      "webpack": "^5.23.0",
      "webpack-cli": "^4.5.0",
      "webpack-dev-server": "^3.11.2"
    },
    "dependencies": {
      "core-js": "^3.6.4",
      "dotenv": "^8.2.0",
      "vue": "^3.0.5",
    }
  }

yarn manifest: 
  No manifest

Lockfile: 
  No lockfile
